<?xml version="1.0" encoding="UTF-8"?>
<!-- Generated by org.testng.reporters.JUnitReportReporter -->
<testsuite skipped="0" hostname="william-PA70Hx" name="daotest.DishDAOTest" tests="6" failures="0" timestamp="12 Jul 2019 16:48:46 GMT" time="1.166" errors="0">
  <testcase name="selectDishById" time="0.055" classname="daotest.DishDAOTest"/>
  <testcase name="insertDish" time="0.207" classname="daotest.DishDAOTest"/>
  <testcase name="updateDish" time="0.390" classname="daotest.DishDAOTest"/>
  <testcase name="selectAllDishes" time="0.209" classname="daotest.DishDAOTest"/>
  <testcase name="selectDishesByTags" time="0.204" classname="daotest.DishDAOTest"/>
  <testcase name="deleteDishById" time="0.101" classname="daotest.DishDAOTest"/>
</testsuite> <!-- daotest.DishDAOTest -->
