<?xml version="1.0" encoding="UTF-8"?>
<!-- Generated by org.testng.reporters.JUnitReportReporter -->
<testsuite skipped="0" hostname="DESKTOP-BI4Q5AH" name="daotest.UserDAOTest" tests="4" failures="0" timestamp="12 Jul 2019 15:01:29 GMT" time="0.558" errors="0">
  <testcase name="canSelectUserByUsername" time="0.044" classname="daotest.UserDAOTest"/>
  <testcase name="canSelectUserById" time="0.105" classname="daotest.UserDAOTest"/>
  <testcase name="canSelectAllUsers" time="0.191" classname="daotest.UserDAOTest"/>
  <testcase name="canUpdateUser" time="0.218" classname="daotest.UserDAOTest"/>
</testsuite> <!-- daotest.UserDAOTest -->
